<?xml version="1.0" encoding="UTF-8"?>
<!-- Generated by org.testng.reporters.JUnitXMLReporter -->
<testsuite hostname="DESKTOP-NNILPMS" ignored="0" name="Default test" tests="3" failures="0" timestamp="2023-05-23T17:59:16 IST" time="88.546" errors="0">
  <testcase name="signin" time="2.742" classname="Engrow_web.opschecklist"/>
  <testcase name="moveto_opschecklist" time="36.374" classname="Engrow_web.opschecklist"/>
  <testcase name="selectingchecklist" time="10.13" classname="Engrow_web.opschecklist"/>
</testsuite> <!-- Default test -->
