<?xml version="1.0" encoding="UTF-8"?>
<testng-results skipped="0" failed="0" ignored="0" total="3" passed="3">
  <reporter-output>
  </reporter-output>
  <suite name="Default suite" duration-ms="88546" started-at="2023-05-23T17:57:47 IST" finished-at="2023-05-23T17:59:16 IST">
    <groups>
    </groups>
    <test name="Default test" duration-ms="88546" started-at="2023-05-23T17:57:47 IST" finished-at="2023-05-23T17:59:16 IST">
      <class name="Engrow_web.opschecklist">
        <test-method status="PASS" signature="launchbrowser()[pri:0, instance:Engrow_web.opschecklist@1877ab81]" name="launchbrowser" is-config="true" duration-ms="39206" started-at="2023-05-23T17:57:47 IST" finished-at="2023-05-23T17:58:26 IST">
          <reporter-output>
          </reporter-output>
        </test-method> <!-- launchbrowser -->
        <test-method status="PASS" signature="signin()[pri:-1, instance:Engrow_web.opschecklist@1877ab81]" name="signin" duration-ms="2742" started-at="2023-05-23T17:58:26 IST" finished-at="2023-05-23T17:58:29 IST">
          <reporter-output>
          </reporter-output>
        </test-method> <!-- signin -->
        <test-method status="PASS" signature="moveto_opschecklist()[pri:0, instance:Engrow_web.opschecklist@1877ab81]" name="moveto_opschecklist" duration-ms="36374" started-at="2023-05-23T17:58:29 IST" depends-on-methods="Engrow_web.opschecklist.signin" finished-at="2023-05-23T17:59:06 IST">
          <reporter-output>
          </reporter-output>
        </test-method> <!-- moveto_opschecklist -->
        <test-method status="PASS" signature="selectingchecklist()[pri:0, instance:Engrow_web.opschecklist@1877ab81]" name="selectingchecklist" duration-ms="10130" started-at="2023-05-23T17:59:06 IST" depends-on-methods="Engrow_web.opschecklist.moveto_opschecklist" finished-at="2023-05-23T17:59:16 IST">
          <reporter-output>
          </reporter-output>
        </test-method> <!-- selectingchecklist -->
      </class> <!-- Engrow_web.opschecklist -->
    </test> <!-- Default test -->
  </suite> <!-- Default suite -->
</testng-results>
